The system is: Windows - 10.0.22621 - AMD64
Compiling the C compiler identification source file "CMakeCCompilerId.c" succeeded.
Compiler: C:/Users/钟熠/AppData/Local/JetBrains/Toolbox/apps/CLion/ch-0/223.8836.42/bin/mingw/bin/gcc.exe 
Build flags: 
Id flags:  

The output was:
0


Compilation of the C compiler identification source "CMakeCCompilerId.c" produced "a.exe"

The C compiler identification is GNU, found in "D:/CLCK/Desktop/Workspace/cpp-programs/P4551/cmake-build-debug/CMakeFiles/3.24.2/CompilerIdC/a.exe"

Compiling the CXX compiler identification source file "CMakeCXXCompilerId.cpp" succeeded.
Compiler: C:/Users/钟熠/AppData/Local/JetBrains/Toolbox/apps/CLion/ch-0/223.8836.42/bin/mingw/bin/g++.exe 
Build flags: 
Id flags:  

The output was:
0


Compilation of the CXX compiler identification source "CMakeCXXCompilerId.cpp" produced "a.exe"

The CXX compiler identification is GNU, found in "D:/CLCK/Desktop/Workspace/cpp-programs/P4551/cmake-build-debug/CMakeFiles/3.24.2/CompilerIdCXX/a.exe"

Determining if the C compiler works passed with the following output:
Change Dir: D:/CLCK/Desktop/Workspace/cpp-programs/P4551/cmake-build-debug/CMakeFiles/CMakeTmp

Run Build Command(s):C:/Users/钟熠/AppData/Local/JetBrains/Toolbox/apps/CLion/ch-0/223.8836.42/bin/ninja/win/x64/ninja.exe cmTC_ee887 && [1/2] Building C object CMakeFiles/cmTC_ee887.dir/testCCompiler.c.obj
[2/2] Linking C executable cmTC_ee887.exe



Determining if the CXX compiler works passed with the following output:
Change Dir: D:/CLCK/Desktop/Workspace/cpp-programs/P4551/cmake-build-debug/CMakeFiles/CMakeTmp

Run Build Command(s):C:/Users/钟熠/AppData/Local/JetBrains/Toolbox/apps/CLion/ch-0/223.8836.42/bin/ninja/win/x64/ninja.exe cmTC_66626 && [1/2] Building CXX object CMakeFiles/cmTC_66626.dir/testCXXCompiler.cxx.obj
[2/2] Linking CXX executable cmTC_66626.exe



