The system is: Windows - 10.0.22621 - AMD64
Compiling the C compiler identification source file "CMakeCCompilerId.c" succeeded.
Compiler: C:/Users/钟熠/AppData/Local/JetBrains/Toolbox/apps/CLion/ch-0/223.7571.171/bin/mingw/bin/gcc.exe 
Build flags: 
Id flags:  

The output was:
0


Compilation of the C compiler identification source "CMakeCCompilerId.c" produced "a.exe"

The C compiler identification is GNU, found in "D:/CLCK/Desktop/C++/P3379/cmake-build-debug/CMakeFiles/3.24.2/CompilerIdC/a.exe"

Compiling the CXX compiler identification source file "CMakeCXXCompilerId.cpp" succeeded.
Compiler: C:/Users/钟熠/AppData/Local/JetBrains/Toolbox/apps/CLion/ch-0/223.7571.171/bin/mingw/bin/g++.exe 
Build flags: 
Id flags:  

The output was:
0


Compilation of the CXX compiler identification source "CMakeCXXCompilerId.cpp" produced "a.exe"

The CXX compiler identification is GNU, found in "D:/CLCK/Desktop/C++/P3379/cmake-build-debug/CMakeFiles/3.24.2/CompilerIdCXX/a.exe"

Determining if the C compiler works passed with the following output:
Change Dir: D:/CLCK/Desktop/C++/P3379/cmake-build-debug/CMakeFiles/CMakeTmp

Run Build Command(s):C:/Users/钟熠/AppData/Local/JetBrains/Toolbox/apps/CLion/ch-0/223.7571.171/bin/ninja/win/ninja.exe cmTC_f99ae && [1/2] Building C object CMakeFiles/cmTC_f99ae.dir/testCCompiler.c.obj
[2/2] Linking C executable cmTC_f99ae.exe



Determining if the CXX compiler works passed with the following output:
Change Dir: D:/CLCK/Desktop/C++/P3379/cmake-build-debug/CMakeFiles/CMakeTmp

Run Build Command(s):C:/Users/钟熠/AppData/Local/JetBrains/Toolbox/apps/CLion/ch-0/223.7571.171/bin/ninja/win/ninja.exe cmTC_b7636 && [1/2] Building CXX object CMakeFiles/cmTC_b7636.dir/testCXXCompiler.cxx.obj
[2/2] Linking CXX executable cmTC_b7636.exe



